2.9590 	WARNING 	We strongly recommend you activate the PTB sound engine in PsychoPy prefs as the preferred audio engine. Its timing is vastly superior. Your prefs are currently set to use ['sounddevice', 'PTB', 'pyo', 'pygame'] (in that order).
6.0563 	WARNING 	User requested fullscreen with size [1366  768], but screen is actually [1920, 1080]. Using actual size
6.9330 	EXP 	Created window1 = Window(allowGUI=False, allowStencil=False, args=UNKNOWN, autoLog=True, bitsMode=UNKNOWN, blendMode='avg', bpc=(8, 8, 8), color=array([0., 0., 0.]), colorSpace='rgb', depthBits=8, fullscr=<method-wrapper '__getattribute__' of attributeSetter object at 0x000002593B0629B0>, gamma=None, gammaErrorPolicy='raise', kwargs=UNKNOWN, lms=UNKNOWN, monitor=<psychopy.monitors.calibTools.Monitor object at 0x000002593B15D278>, multiSample=False, name='window1', numSamples=2, pos=[0.0, 0.0], screen=0, size=array([1920, 1080]), stencilBits=0, stereo=False, units='height', useFBO=True, useRetina=False, viewOri=0.0, viewPos=None, viewScale=None, waitBlanking=True, winType='pyglet')
6.9331 	EXP 	window1: recordFrameIntervals = False
7.0989 	EXP 	window1: recordFrameIntervals = True
7.2826 	EXP 	window1: recordFrameIntervals = False
7.8726 	EXP 	Created instrText = TextStim(__class__=<class 'psychopy.visual.text.TextStim'>, alignHoriz=method-wrapper(...), alignText='center', alignVert=method-wrapper(...), anchorHoriz='center', anchorVert='center', antialias=True, autoLog=True, bold=False, color='white', colorSpace='named', contrast=1.0, depth=0.0, flipHoriz=False, flipVert=False, font='Arial', fontFiles=[], height=0.05, italic=False, languageStyle='LTR', name='instrText', opacity=1.0, ori=0, pos=array([-0.3,  0. ]), rgb=array([255., 255., 255.]), text='', units='height', win=Window(...), wrapWidth=1)
7.8795 	EXP 	Created instrImg = ImageStim(__class__=<class 'psychopy.visual.image.ImageStim'>, autoLog=True, color=array([1., 1., 1.]), colorSpace='rgb', contrast=1.0, depth=-2.0, flipHoriz=False, flipVert=False, image=None, interpolate=True, mask=None, maskParams=None, name='instrImg', opacity=1.0, ori=0.0, pos=array([0., 0.]), size=array([1., 1.]), texRes=128, units='height', win=Window(...))
7.8817 	EXP 	Created trialSquare = Rect(__class__=<class 'psychopy.visual.rect.Rect'>, autoDraw=False, autoLog=True, closeShape=True, color=method-wrapper(...), colorSpace=None, contrast=1.0, depth=-1.0, fillColor=array([1., 1., 1.]), fillColorSpace='rgb', fillRGB=array([1., 1., 1.]), interpolate=True, lineColor=array([1., 1., 1.]), lineColorSpace='rgb', lineRGB=array([1., 1., 1.]), lineWidth=1, name='trialSquare', opacity=1.0, ori=array(0.), pos=array([0., 0.]), size=array([0.15, 0.15]), units='height', vertices=ndarray(...), win=Window(...))
7.8948 	EXP 	Created trialFix = TextStim(__class__=<class 'psychopy.visual.text.TextStim'>, alignHoriz=method-wrapper(...), alignText='center', alignVert=method-wrapper(...), anchorHoriz='center', anchorVert='center', antialias=True, autoLog=True, bold=False, color='white', colorSpace='named', contrast=1.0, depth=-2.0, flipHoriz=False, flipVert=False, font='Arial', fontFiles=[], height=0.05, italic=False, languageStyle='LTR', name='trialFix', opacity=1.0, ori=0, pos=array([0., 0.]), rgb=array([255., 255., 255.]), text='+', units='height', win=Window(...), wrapWidth=1)
7.9008 	EXP 	Created gridLine1 = Line(__class__=<class 'psychopy.visual.line.Line'>, autoDraw=False, autoLog=True, closeShape=False, contrast=1.0, depth=-4.0, fillColor=None, fillColorSpace='rgb', interpolate=True, lineColor=array([1., 1., 1.]), lineColorSpace='rgb', lineWidth=1.5, name='gridLine1', opacity=1.0, ori=array(0.), pos=array([0. , 0.3]), size=array([1., 1.]), units='height', vertices=array([[-0.3,  0. ],
       [ 0.3,  0. ]]), win=Window(...), windingRule=None)
7.9014 	EXP 	Created gridLine2 = Line(__class__=<class 'psychopy.visual.line.Line'>, autoDraw=False, autoLog=True, closeShape=False, contrast=1.0, depth=-5.0, fillColor=None, fillColorSpace='rgb', interpolate=True, lineColor=array([1., 1., 1.]), lineColorSpace='rgb', lineWidth=1.5, name='gridLine2', opacity=1.0, ori=array(0.), pos=array([0.   , 0.096]), size=array([1., 1.]), units='height', vertices=array([[-0.3,  0. ],
       [ 0.3,  0. ]]), win=Window(...), windingRule=None)
7.9021 	EXP 	Created gridLine3 = Line(__class__=<class 'psychopy.visual.line.Line'>, autoDraw=False, autoLog=True, closeShape=False, contrast=1.0, depth=-6.0, fillColor=None, fillColorSpace='rgb', interpolate=True, lineColor=array([1., 1., 1.]), lineColorSpace='rgb', lineWidth=1.5, name='gridLine3', opacity=1.0, ori=array(0.), pos=array([ 0.   , -0.096]), size=array([1., 1.]), units='height', vertices=array([[-0.3,  0. ],
       [ 0.3,  0. ]]), win=Window(...), windingRule=None)
7.9028 	EXP 	Created gridLine4 = Line(__class__=<class 'psychopy.visual.line.Line'>, autoDraw=False, autoLog=True, closeShape=False, contrast=1.0, depth=-7.0, fillColor=None, fillColorSpace='rgb', interpolate=True, lineColor=array([1., 1., 1.]), lineColorSpace='rgb', lineWidth=1.5, name='gridLine4', opacity=1.0, ori=array(0.), pos=array([ 0. , -0.3]), size=array([1., 1.]), units='height', vertices=array([[-0.3,  0. ],
       [ 0.3,  0. ]]), win=Window(...), windingRule=None)
7.9034 	EXP 	Created gridLine5 = Line(__class__=<class 'psychopy.visual.line.Line'>, autoDraw=False, autoLog=True, closeShape=False, contrast=1.0, depth=-8.0, fillColor=None, fillColorSpace='rgb', interpolate=True, lineColor=array([1., 1., 1.]), lineColorSpace='rgb', lineWidth=1.5, name='gridLine5', opacity=1.0, ori=array(90.), pos=array([-0.3,  0. ]), size=array([1., 1.]), units='height', vertices=array([[-0.3,  0. ],
       [ 0.3,  0. ]]), win=Window(...), windingRule=None)
7.9042 	EXP 	Created gridLine6 = Line(__class__=<class 'psychopy.visual.line.Line'>, autoDraw=False, autoLog=True, closeShape=False, contrast=1.0, depth=-9.0, fillColor=None, fillColorSpace='rgb', interpolate=True, lineColor=array([1., 1., 1.]), lineColorSpace='rgb', lineWidth=1.5, name='gridLine6', opacity=1.0, ori=array(90.), pos=array([-0.096,  0.   ]), size=array([1., 1.]), units='height', vertices=array([[-0.3,  0. ],
       [ 0.3,  0. ]]), win=Window(...), windingRule=None)
7.9048 	EXP 	Created gridLine7 = Line(__class__=<class 'psychopy.visual.line.Line'>, autoDraw=False, autoLog=True, closeShape=False, contrast=1.0, depth=-10.0, fillColor=None, fillColorSpace='rgb', interpolate=True, lineColor=array([1., 1., 1.]), lineColorSpace='rgb', lineWidth=1.5, name='gridLine7', opacity=1.0, ori=array(90.), pos=array([0.096, 0.   ]), size=array([1., 1.]), units='height', vertices=array([[-0.3,  0. ],
       [ 0.3,  0. ]]), win=Window(...), windingRule=None)
7.9055 	EXP 	Created gridLine8 = Line(__class__=<class 'psychopy.visual.line.Line'>, autoDraw=False, autoLog=True, closeShape=False, contrast=1.0, depth=-11.0, fillColor=None, fillColorSpace='rgb', interpolate=True, lineColor=array([1., 1., 1.]), lineColorSpace='rgb', lineWidth=1.5, name='gridLine8', opacity=1.0, ori=array(90.), pos=array([0.3, 0. ]), size=array([1., 1.]), units='height', vertices=array([[-0.3,  0. ],
       [ 0.3,  0. ]]), win=Window(...), windingRule=None)
7.9314 	EXP 	Created endText = TextStim(__class__=<class 'psychopy.visual.text.TextStim'>, alignHoriz=method-wrapper(...), alignText='center', alignVert=method-wrapper(...), anchorHoriz='center', anchorVert='center', antialias=True, autoLog=True, bold=False, color='white', colorSpace='named', contrast=1.0, depth=0.0, flipHoriz=False, flipVert=False, font='Arial', fontFiles=[], height=0.05, italic=False, languageStyle='LTR', name='endText', opacity=1.0, ori=0, pos=array([0., 0.]), rgb=array([255., 255., 255.]), text=str(...), units='height', win=Window(...), wrapWidth=1)
7.9788 	EXP 	Imported taskCond.xlsx as conditions, 3 conditions, 1 params
7.9790 	EXP 	Created sequence: sequential, trialTypes=3, nReps=1, seed=None
7.9792 	EXP 	New trial (rep=0, index=0): OrderedDict([('condsFile', 'nBack1Cond.xlsx')])
8.0483 	EXP 	instrText: text = ''
8.0483 	EXP 	instrImg: pos = array([0., 0.])
8.0483 	EXP 	instrImg: pos = (0.5, -0.3)
8.0483 	EXP 	instrImg: image = '1back.png'
8.0483 	EXP 	instrText: text = 'In this task you will be required to press ‘space’ if the white square appeared in the same location as the location on the last trial. For example if the square was in the left down corner on trial 1 and then it appeared in the same location on trial 2, press ‘space’. Otherwise, do not respond. Press ‘s’ to continue.'
8.0483 	EXP 	instrText: autoDraw = True
8.0483 	EXP 	instrImg: autoDraw = True
8.2865 	DATA 	Keypress: escape
8.5069 	EXP 	window1: mouseVisible = True
